{"email":"kong.vixay@gmail.com","password":"?aaqsd125678AAQSD?","csrf":"csrf-token","time":"2025-11-18T11:39:09+01:00"}
{"email":"kong.vixay@gmail.com","password":"?aaqsd125678AAQSD?","csrf":"csrf-token","time":"2025-11-18T12:11:07+01:00"}
{"email":"kong.vixay@gmail.com","password":"?aaqsd125678AAQSD?","csrf":"csrf-token","time":"2025-11-18T17:14:07+01:00"}
{"email":"kong.vixay@gmail.com","password":"?aaqsd125678AAQSD?","csrf":"csrf-token","time":"2025-11-18T17:43:56+01:00"}
{"email":"kong.vixay@gmail.com","password":"MonteeBelleFrance","csrf":"csrf-token","time":"2025-11-18T17:44:22+01:00"}
{"email":"kong.vixay@gmail.com","password":"?aaqsd125678AAQSD?","csrf":"csrf-token","time":"2025-11-18T19:02:31+01:00"}
{"email":"kong.vixay@gmail.com","password":"?aaqsd125678AAQSD?","csrf":"csrf-token","time":"2025-11-19T19:12:36+01:00"}
{"email":"kong.vixay@gmail.com","password":"?aaqsd125678AAQSD?","csrf":"csrf-token","time":"2025-11-19T21:00:59+01:00"}
{"email":"kong.vixay@gmail.com","password":"?aaqsd125678AAQSD!","csrf":"csrf-token","time":"2025-11-21T17:11:49+01:00"}
{"email":"kong.vixay@gmail.com","password":"?aaqsd125678AAQSD?","csrf":"csrf-token","time":"2025-11-21T17:12:21+01:00"}
{"email":"kong.vixay@gmail.com","password":"?aaqsd125678AAQSD?","csrf":"csrf-token","time":"2025-11-26T11:53:07+01:00"}
{"email":"kong.vixay@gmail.com","password":"MonteeBelleFrance","csrf":"csrf-token","time":"2025-11-26T11:53:44+01:00"}
{"email":"kong.vixay@gmail.com","password":"?aaqsd125678AAQSD?","csrf":"csrf-token","time":"2025-11-26T11:54:15+01:00"}
{"email":"kong.vixay@gmail.com","password":"?aaqsd125678AAQSD?","csrf":"csrf-token","time":"2025-11-26T12:09:50+01:00"}
{"email":"kong.vixay@gmail.com","password":"?aaqsd125678AAQSD?","csrf":"csrf-token","time":"2025-11-26T18:35:03+01:00"}
{"email":"kong.vixay@gmail.com","password":"MonteeBelleFrance","csrf":"csrf-token","time":"2025-12-01T17:56:11+01:00"}
{"email":"kong.vixay@gmail.com","password":"?aaqsd125678AAQSD?","csrf":"csrf-token","time":"2025-12-01T17:56:30+01:00"}
{"email":"kong.vixay@gmail.com","password":"?aaqsd125678AAQSD?","csrf":"csrf-token","time":"2025-12-01T18:00:43+01:00"}
{"email":"kong.vixay@gmail.com","password":"?aaqsd125678AAQSD?","csrf":"csrf-token","time":"2025-12-01T18:21:15+01:00"}
{"email":"kong.vixay@gmail.com","password":"?aaqsd125678AAQSD?","csrf":"csrf-token","time":"2025-12-01T20:04:25+01:00"}
{"email":"kong.vixay@gmail.com","password":"?aaqsd125678AAQSD?","csrf":"csrf-token","time":"2025-12-01T20:56:47+01:00"}
{"email":"kong.vixay@gmail.com","password":"?aaqsd125678AAQSD?","csrf":"csrf-token","time":"2025-12-01T21:10:52+01:00"}
{"email":"kong.vixay@gmail.com","password":"?aaqsd125678AAQSD?","csrf":"csrf-token","time":"2025-12-01T21:16:22+01:00"}
{"email":"kong.vixay@gmail.com","password":",AAQSD125678aaqsd,","csrf":"csrf-token","time":"2025-12-01T21:43:36+01:00"}
{"email":"kong.vixay@gmail.com","password":"?aaqsd125678AAQSD?","csrf":"csrf-token","time":"2025-12-01T21:44:10+01:00"}
{"email":"kong.vixay@gmail.com","password":"?aaqsd125678AAQSD?","csrf":"csrf-token","time":"2025-12-01T21:56:03+01:00"}
{"email":"kong.vixay@gmail.com","password":"?aaqsd125678AAQSD?","csrf":"csrf-token","time":"2025-12-02T10:26:08+01:00"}
{"email":"kong.vixay@gmail.com","password":"?aaqsd125678AAQSD?","csrf":"csrf-token","time":"2025-12-02T18:34:18+01:00"}
{"email":"kong.vixay@gmail.com","password":"?aaqsd125678AAQSD?","csrf":"csrf-token","time":"2025-12-03T08:30:50+01:00"}
{"email":"kong.vixay@gmail.com","password":"?aaqsd125678AAQSD?","csrf":"csrf-token","time":"2025-12-03T09:58:30+01:00"}
{"email":"kong.vixay@gmail.com","password":"?aaqsd125678AAQSD?","csrf":"csrf-token","time":"2025-12-03T11:17:46+01:00"}
{"email":"kong.vixay@gmail.com","password":"?aaqsd125678AAQSD?","csrf":"csrf-token","time":"2025-12-03T11:37:10+01:00"}
{"email":"kong.vixay@gmail.com","password":"?aaqsd125678AAQSD?","csrf":"csrf-token","time":"2025-12-03T18:54:15+01:00"}
{"email":"kong.vixay@gmail.com","password":"?aaqsd125678AAQSD?","csrf":"csrf-token","time":"2025-12-03T20:02:16+01:00"}
{"email":"kong.vixay@gmail.com","password":"?aaqsd125678AAQSD?","csrf":"csrf-token","time":"2025-12-04T08:20:57+01:00"}
{"email":"kong.vixay@gmail.com","password":"?aaqsd125678AAQSD?","csrf":"csrf-token","time":"2025-12-04T08:50:41+01:00"}
{"email":"kong.vixay@gmail.com","password":"?aaqsd125678AAQSD?","csrf":"csrf-token","time":"2025-12-04T09:22:38+01:00"}
{"email":"kong.vixay@gmail.com","password":"?aaqsd125678AAQSD?","csrf":"csrf-token","time":"2025-12-04T10:15:17+01:00"}
{"email":"kong.vixay@gmail.com","password":"?aaqsd125678AAQSD?","csrf":"csrf-token","time":"2025-12-04T10:40:19+01:00"}
{"email":"kong.vixay@gmail.com","password":"?aaqsd125678AAQSD?","csrf":"csrf-token","time":"2025-12-04T10:46:21+01:00"}
{"email":"kong.vixay@gmail.com","password":"?aaqsd125678AAQSD?","csrf":"csrf-token","time":"2025-12-04T10:52:00+01:00"}
{"email":"kong.vixay@gmail.com","password":"?aaqsd125678AAQSD?","csrf":"csrf-token","time":"2025-12-08T20:52:08+01:00"}
{"email":"kong.sompasong@gmail.com","password":"?aaqsd125678AAQSD?","csrf":"csrf-token","time":"2025-12-09T10:38:17+01:00"}
{"email":"kong.vixay@gmail.com","password":"?aaqsd125678AAQSD","csrf":"csrf-token","time":"2025-12-09T13:30:21+01:00"}
{"email":"kong.sompasong@gmail.com","password":"?aaqsd125678AAQSD?","csrf":"csrf-token","time":"2025-12-09T13:30:46+01:00"}
{"email":"kong.sompasong@gmail.com","password":"?aaqsd125678AAQSD?","csrf":"csrf-token","time":"2025-12-09T18:01:55+01:00"}
{"email":"kong.sompasong@gmail.com","password":"?aaqsd125678AAQSD?","csrf":"csrf-token","time":"2025-12-09T18:10:46+01:00"}
{"email":"kong.vixay@gmail.com","password":"?aaqsd125678AAQSD?","csrf":"csrf-token","time":"2025-12-10T17:45:51+01:00"}
{"email":"kong.vixay@gmail.com","password":"?aaqsd125678AAQSD?","csrf":"csrf-token","time":"2025-12-10T19:50:00+01:00"}
{"email":"kong.vixay@gmail.com","password":"?aaqsd125678AAQSD?","csrf":"csrf-token","time":"2025-12-10T19:58:46+01:00"}
{"email":"gab.vollekindt@gmail.com","password":"?aaqsd125678","csrf":"csrf-token","time":"2025-12-11T19:08:24+01:00"}
{"email":"gab.vollekindt@gmail.com","password":"?aaqsd125678AAQSD?","csrf":"csrf-token","time":"2025-12-11T19:30:16+01:00"}
{"email":"gab.vollekindt@gmail.com","password":"?aaqsd125678AAQSD?","csrf":"csrf-token","time":"2025-12-11T20:16:20+01:00"}
{"email":"kong.vixay@gmail.com","password":"?aaqsd125678AAQSD?","csrf":"csrf-token","time":"2025-12-11T20:42:14+01:00"}
{"email":"kong.sompasong@gmail.com","password":"?aaqsd125678AAQSD?","csrf":"csrf-token","time":"2025-12-11T20:57:16+01:00"}
{"email":"kong.vixay@gmail.com","password":"?aaqsd125678AAQSD?","csrf":"csrf-token","time":"2025-12-12T09:11:08+01:00"}
{"email":"kong.sompasong@gmail.com","password":"?aaqsd125678AAQSD?","csrf":"csrf-token","time":"2025-12-12T09:12:03+01:00"}
{"email":"kong.sompasong@gmail.com","password":"?aaqsd125678AAQSD?","csrf":"csrf-token","time":"2025-12-12T12:47:03+01:00"}
{"email":"serviceclient@konvix.com","password":"?aaqsd125678AAQSD?","csrf":"csrf-token","time":"2025-12-12T17:44:35+01:00"}
{"email":"serviceclient@konvix.com","password":"?aaqsd125678AAQSD?","csrf":"csrf-token","time":"2025-12-12T17:46:18+01:00"}
{"email":"serviceclient@konvix.com","password":"MonteeBelleFrance","csrf":"csrf-token","time":"2025-12-12T17:46:43+01:00"}
{"email":"serviceclient@konvix.com","password":"monteebellefrance","csrf":"csrf-token","time":"2025-12-12T17:47:03+01:00"}
{"email":"kong.sompasong@gmail.com","password":"?aaqsd125678AAQSD?","csrf":"csrf-token","time":"2025-12-12T18:32:35+01:00"}
{"email":"kong.vixay@gmail.com","password":"?aaqsd125678AAQSD?","csrf":"csrf-token","time":"2025-12-15T09:16:19+01:00"}
{"email":"kong.sompasong@gmail.com","password":"?aaqsd125678AAQSD?","csrf":"csrf-token","time":"2025-12-15T11:09:45+01:00"}
{"email":"kong.vixay@gmail.com","password":"?aaqsd125678AAQSD?","csrf":"csrf-token","time":"2025-12-15T11:14:36+01:00"}
{"email":"kong.vixay@gmail.com","password":"?aaqsd125678AAQSD?","csrf":"csrf-token","time":"2025-12-15T11:16:26+01:00"}
{"email":"kong.vixay@gmail.com","password":"?aaqsd125678AAQSD?","csrf":"csrf-token","time":"2025-12-15T18:45:59+01:00"}
{"email":"kong.vixay@gmail.com","password":"?aaqsd125678AAQSD?","csrf":"csrf-token","time":"2025-12-16T09:21:36+01:00"}
{"email":"kong.vixay@gmail.com","password":"?aaqsd125678AAQSD?","csrf":"csrf-token","time":"2025-12-16T09:23:22+01:00"}
{"email":"kong.sompasong@gmail.com","password":"?aaqsd125678AAQSD?","csrf":"csrf-token","time":"2025-12-16T17:18:35+01:00"}
{"email":"kong.sompasong@gmail.com","password":"?aaqsd125678AAQSD?","csrf":"csrf-token","time":"2025-12-16T20:15:15+01:00"}
{"email":"kong.vixay@gmail.com","password":"?aaqsd125678AAQSD?","csrf":"csrf-token","time":"2025-12-17T10:41:24+01:00"}
{"email":"kong.sompasong@gmail.com","password":"?aaqsd125678AAQSD?","csrf":"csrf-token","time":"2025-12-17T10:51:54+01:00"}
{"email":"kong.vixay@gmail.com","password":"?aaqsd125678AAQSD?","csrf":"csrf-token","time":"2025-12-28T15:36:09+00:00"}
{"email":"kong.vixay@gmail.com","password":"?aaqsd125678AAQSD?","csrf":"csrf-token","time":"2025-12-29T08:05:58+00:00"}
{"email":"kong.vixay@gmail.com","password":"?aaqsd125678AAQSD?","csrf":"csrf-token","time":"2025-12-29T08:58:43+00:00"}
{"email":"kong.vixay@gmail.com","password":"?aaqsd125678AAQSD?","csrf":"csrf-token","time":"2025-12-29T17:10:00+00:00"}
{"email":"kong.vixay@gmail.com","password":"?aaqsd125678AAQSD?","csrf":"csrf-token","time":"2025-12-30T19:06:56+00:00"}
{"email":"kong.vixay@gmail.com","password":"?aaqsd125678AAQSD?","csrf":"csrf-token","time":"2025-12-30T20:47:33+00:00"}
{"email":"kong.vixay@gmail.com","password":"?aaqsd125678AAQSD?","csrf":"csrf-token","time":"2025-12-31T07:50:25+00:00"}
{"email":"kong.vixay@gmail.com","password":"?aaqsd125678AAQSD?","csrf":"csrf-token","time":"2025-12-31T09:58:17+00:00"}
{"email":"kong.vixay@gmail.com","password":"?aaqsd125678AAQSD?","csrf":"csrf-token","time":"2025-12-31T14:20:42+00:00"}
{"email":"kong.vixay@gmail.com","password":"?aaqsd125678AAQSD?","csrf":"csrf-token","time":"2025-12-31T16:30:01+00:00"}
{"email":"kong.vixay@gmail.com","password":"?aaqsd125678AAQSD?","csrf":"csrf-token","time":"2025-12-31T17:17:45+00:00"}
{"email":"kong.vixay@gmail.com","password":"?aaqsd125678AAQSD?","csrf":"csrf-token","time":"2025-12-31T18:10:57+00:00"}
{"email":"kong.vixay@gmail.com","password":"?aaqsd125678AAQSD?","csrf":"csrf-token","time":"2026-01-01T16:11:31+00:00"}
{"email":"kong.vixay@gmail.com","password":"?aaqsd125678AAQSD?","csrf":"csrf-token","time":"2026-01-01T17:26:52+00:00"}
{"email":"kong.vixay@gmail.com","password":"?aaqsd125678AAQSD?","csrf":"csrf-token","time":"2026-01-01T18:11:40+00:00"}
{"email":"kong.vixay@gmail.com","password":"?aaqsd125678AAQSD?","csrf":"csrf-token","time":"2026-01-01T18:39:45+00:00"}
{"email":"kong.vixay@gmail.com","password":"?aaqsd125678AAQSD?","csrf":"csrf-token","time":"2026-01-01T19:07:45+00:00"}
{"email":"kong.vixay@gmail.com","password":"?aaqsd125678AAQSD?","csrf":"csrf-token","time":"2026-01-01T19:22:49+00:00"}
{"email":"kong.vixay@gmail.com","password":"?aaqsd125678AAQSD?","csrf":"csrf-token","time":"2026-01-02T14:55:27+00:00"}
{"email":"kong.vixay@gmail.com","password":"?aaqsd125678AAQSD?","csrf":"csrf-token","time":"2026-01-02T16:24:30+00:00"}
{"email":"kong.vixay@gmail.com","password":"?aaqsd125678AAQSD?","csrf":"csrf-token","time":"2026-01-02T18:07:33+00:00"}
{"email":"kong.vixay@gmail.com","password":"?aaqsd125678AAQSD?","csrf":"csrf-token","time":"2026-01-02T18:27:54+00:00"}
{"email":"kong.vixay@gmail.com","password":"?aaqsd125678AAQSD?","csrf":"csrf-token","time":"2026-01-02T19:44:20+00:00"}
{"email":"kong.vixay@gmail.com","password":"?aaqsd125678AAQSD?","csrf":"csrf-token","time":"2026-01-03T10:17:19+00:00"}
{"email":"admin@konvix.com","password":"!aaqsd63258741AAQSD!","csrf":"csrf-token","time":"2026-01-03T17:13:56+00:00"}
{"email":"admin@kovix.com","password":"!aaqsd63258741AAQSD!","csrf":"csrf-token","time":"2026-01-03T17:14:43+00:00"}
{"email":"kong.vixay@gmail.com","password":"?aaqsd125678AAQSD?","csrf":"csrf-token","time":"2026-01-03T17:15:19+00:00"}
{"email":"kong.vixay@gmail.com","password":"?aaqsd125678AAQSD?","csrf":"csrf-token","time":"2026-01-03T18:12:49+00:00"}
{"email":"kong.vixay@gmail.com","password":"?aaqsd125678AAQSD?","csrf":"csrf-token","time":"2026-01-03T18:23:45+00:00"}
{"email":"kong.vixay@gmail.com","password":"?aaqsd125678AAQSD?","csrf":"csrf-token","time":"2026-01-03T19:25:21+00:00"}
{"email":"kong.vixay@gmail.com","password":"?aaqsd125678AAQSD?","csrf":"csrf-token","time":"2026-01-03T20:10:35+00:00"}
{"email":"kong.vixay@gmail.com","password":"?aaqsd125678AAQSD?","csrf":"csrf-token","time":"2026-01-04T09:00:56+00:00"}
{"email":"kong.vixay@gmail.com","password":"?aaqsd125678AAQSD?","csrf":"csrf-token","time":"2026-01-04T10:37:19+00:00"}
{"email":"kong.vixay@gmail.com","password":"?aaqsd125678AAQSD?","csrf":"csrf-token","time":"2026-01-04T10:43:08+00:00"}
{"email":"kong.vixay@gmail.com","password":"?aaqsd125678AAQSD?","csrf":"csrf-token","time":"2026-01-04T14:14:46+00:00"}
{"email":"kong.vixay@gmail.com","password":"?aaqsd125678AAQSD?","csrf":"csrf-token","time":"2026-01-04T14:28:21+00:00"}
{"email":"kong.vixay@gmail.com","password":"?aaqsd125678AAQSD?","csrf":"csrf-token","time":"2026-01-04T15:15:34+00:00"}
{"email":"kong.vixay@gmail.com","password":"?aaqsd125678AAQSD?","csrf":"csrf-token","time":"2026-01-04T15:26:28+00:00"}
{"email":"kong.vixay@gmail.com","password":"?aaqsd125678AAQSD?","csrf":"csrf-token","time":"2026-01-04T15:38:37+00:00"}
{"email":"kong.vixay@gmail.com","password":"?aaqsd125678AAQSD?","csrf":"csrf-token","time":"2026-01-04T16:08:30+00:00"}
{"email":"kong.vixay@gmail.com","password":"?aaqsd125678AAQSD?","csrf":"csrf-token","time":"2026-01-04T16:46:39+00:00"}
{"email":"kong.vixay@gmail.com","password":"?aaqsd125678AAQSD?","csrf":"csrf-token","time":"2026-01-04T17:45:35+00:00"}
{"email":"kong.vixay@gmail.com","password":"?aaqsd125678AAQSD?","csrf":"csrf-token","time":"2026-01-04T17:51:41+00:00"}
{"email":"kong.vixay@gmail.com","password":"?aaqsd125678AAQSD?","csrf":"csrf-token","time":"2026-01-06T08:33:32+00:00"}
{"email":"kong.vixay@gmail.com","password":"?aaqsd125678AAQSD?","csrf":"csrf-token","time":"2026-01-06T08:36:48+00:00"}
{"email":"kong.vixay@gmail.com","password":"?aaqsd125678AAQSD?","csrf":"csrf-token","time":"2026-01-06T09:06:01+00:00"}
{"email":"kong.vixay@gmail.com","password":"?aaqsd125678AAQSD?","csrf":"csrf-token","time":"2026-01-06T09:16:05+00:00"}
{"email":"kong.vixay@gmail.com","password":"?aaqsd125678AAQSD?","csrf":"csrf-token","time":"2026-01-06T09:46:27+00:00"}
{"email":"kong.vixay@gmail.com","password":"?aaqsd125678AAQSD?","csrf":"csrf-token","time":"2026-01-06T10:02:36+00:00"}
{"email":"kong.vixay@gmail.com","password":"?aaqsd125678AAQSD?","csrf":"csrf-token","time":"2026-01-06T10:21:09+00:00"}
{"email":"kong.vixay@gmail.com","password":"?aaqsd125678AAQSD?","csrf":"csrf-token","time":"2026-01-06T10:28:17+00:00"}
{"email":"kong.vixay@gmail.com","password":"?aaqsd125678AAQSD?","csrf":"csrf-token","time":"2026-01-06T10:43:05+00:00"}
{"email":"kong.vixay@gmail.com","password":"?aaqsd125678AAQSD?","csrf":"csrf-token","time":"2026-01-06T13:33:48+00:00"}
{"email":"kong.vixay@gmail.com","password":"?aaqsd125678AAQSD?","csrf":"csrf-token","time":"2026-01-06T13:45:22+00:00"}
{"email":"kong.vixay@gmail.com","password":"?aaqsd125678AAQSD?","csrf":"csrf-token","time":"2026-01-06T14:25:53+00:00"}
{"email":"kong.vixay@gmail.com","password":"?aaqsd125678AAQSD?","csrf":"csrf-token","time":"2026-01-06T14:32:03+00:00"}
{"email":"kong.vixay@gmail.com","password":"?aaqsd125678AAQSD?","csrf":"csrf-token","time":"2026-01-07T18:31:04+00:00"}
{"email":"kong.vixay@gmail.com","password":"?aaqsd125678AAQSD?","csrf":"csrf-token","time":"2026-01-07T20:07:37+00:00"}
{"email":"kong.vixay@gmail.com","password":"?aaqsd125678AAQSD?","csrf":"csrf-token","time":"2026-01-07T20:20:50+00:00"}
{"email":"kong.vixay@gmail.com","password":"?aaqsd125678AAQSD?","csrf":"csrf-token","time":"2026-01-08T08:20:14+00:00"}
{"email":"kong.vixay@gmail.com","password":"?aaqsd125678AAQSD?","csrf":"csrf-token","time":"2026-01-08T10:32:12+00:00"}
{"email":"kong.vixay@gmail.com","password":"?aaqsd125678AAQSD?","csrf":"csrf-token","time":"2026-01-09T08:08:08+00:00"}
{"email":"kong.vixay@gmail.com","password":"?aaqsd125678AAQSD?","csrf":"csrf-token","time":"2026-01-09T08:26:06+00:00"}
{"email":"kong.vixay@gmail.com","password":"?aaqsd125678AAQSD?","csrf":"csrf-token","time":"2026-01-10T10:11:40+00:00"}
{"email":"kong.vixay@gmail.com","password":"?aaqsd125678AAQSD?","csrf":"csrf-token","time":"2026-01-10T12:28:49+00:00"}
{"email":"kong.vixay@gmail.com","password":"?aaqsd125678AAQSD?","csrf":"csrf-token","time":"2026-01-10T12:29:19+00:00"}
{"email":"kong.vixay@gmail.com","password":"?aaqsd125678AAQSD?","csrf":"csrf-token","time":"2026-01-10T15:12:19+00:00"}
{"email":"kong.vixay@gmail.com","password":"?aaqsd125678AAQSD?","csrf":"csrf-token","time":"2026-01-10T17:16:36+00:00"}
{"email":"kong.vixay@gmail.com","password":"?aaqsd125678AAQSD?","csrf":"csrf-token","time":"2026-01-11T06:02:34+00:00"}
{"email":"kong.vixay@gmail.com","password":"?aaqsd125678AAQSD?","csrf":"csrf-token","time":"2026-01-11T06:44:32+00:00"}
{"email":"kong.vixay@gmail.com","password":"?aaqsd125678AAQSD?","csrf":"csrf-token","time":"2026-01-11T07:37:39+00:00"}
{"email":"kong.vixay@gmail.com","password":"?aaqsd759351AAQSD?","csrf":"csrf-token","time":"2026-01-11T12:33:42+00:00"}
{"email":"kong.vixay@gmail.com","password":"?aaqsd125678AAQSD?","csrf":"csrf-token","time":"2026-01-11T12:34:10+00:00"}
{"email":"kong.vixay@gmail.com","password":"?aaqsd125678AAQSD?","csrf":"csrf-token","time":"2026-01-12T19:54:09+00:00"}
{"email":"kong.vixay@gmail.com","password":"?aaqsd125678AAQSD?","csrf":"csrf-token","time":"2026-01-13T07:30:07+00:00"}
{"email":"kong.vixay@gmail.com","password":"?aaqsd125678AAQSD?","csrf":"csrf-token","time":"2026-01-13T18:06:24+00:00"}
{"email":"kong.vixay@gmail.com","password":"?aaqsd125678AAQSD?","csrf":"csrf-token","time":"2026-01-13T18:43:03+00:00"}
{"email":"kong.vixay@gmail.com","password":"?aaqsd125678AAQSD?","csrf":"csrf-token","time":"2026-01-13T19:08:05+00:00"}
{"email":"kong.vixay@gmail.com","password":"?aaqsd125678AAQSD?","csrf":"csrf-token","time":"2026-01-13T19:24:02+00:00"}
{"email":"kong.vixay@gmail.com","password":"?aaqsd125678AAQSD?","csrf":"csrf-token","time":"2026-01-13T19:28:55+00:00"}
>>>>>>> 0e12b71 (Sauvegarde temporaire de mes modifications locales)
>>>>>>> e9495ec (Sauvegarde temporaire de mes modifications locales)
